<?xml version="1.0" encoding="UTF-8"?>
<testng-results ignored="0" total="1" passed="1" failed="0" skipped="0">
  <reporter-output>
  </reporter-output>
  <suite started-at="2021-06-29T21:51:13 IST" name="orangeHRM Suite" finished-at="2021-06-29T21:51:13 IST" duration-ms="325">
    <groups>
    </groups>
    <test started-at="2021-06-29T21:51:13 IST" name="driverTest" finished-at="2021-06-29T21:51:13 IST" duration-ms="325">
      <class name="testCases.TestPendingLeaveRequest">
        <test-method is-config="true" signature="driverSetup()[pri:0, instance:testCases.TestPendingLeaveRequest@659a969b]" started-at="2021-06-29T21:50:50 IST" name="driverSetup" finished-at="2021-06-29T21:51:13 IST" duration-ms="22569" status="PASS">
          <reporter-output>
          </reporter-output>
        </test-method> <!-- driverSetup -->
        <test-method signature="verifyPendingRequest()[pri:0, instance:testCases.TestPendingLeaveRequest@659a969b]" started-at="2021-06-29T21:51:13 IST" name="verifyPendingRequest" finished-at="2021-06-29T21:51:13 IST" duration-ms="53" status="PASS">
          <reporter-output>
          </reporter-output>
        </test-method> <!-- verifyPendingRequest -->
        <test-method is-config="true" signature="tearDown()[pri:0, instance:testCases.TestPendingLeaveRequest@659a969b]" started-at="2021-06-29T21:51:14 IST" name="tearDown" finished-at="2021-06-29T21:51:16 IST" duration-ms="1782" status="PASS">
          <reporter-output>
          </reporter-output>
        </test-method> <!-- tearDown -->
      </class> <!-- testCases.TestPendingLeaveRequest -->
    </test> <!-- driverTest -->
  </suite> <!-- orangeHRM Suite -->
</testng-results>
